<?xml version="1.0" encoding="UTF-8"?>
<!-- Generated by org.testng.reporters.JUnitXMLReporter -->
<testsuite ignored="2" hostname="Admin-PC" failures="2" tests="211" name="Testt" time="183.285" errors="0" timestamp="2022-07-25T00:54:47 IST">
  <testcase classname="Selenium_TestNG.TestNG_AnnotationEx2" name="createTestCase1" time="0.021"/>
  <testcase classname="Selenium_TestNG.TestNG_AnnotationEx2" name="deleteTestCase3" time="0.004"/>
  <testcase classname="Selenium_TestNG.TestNG_AnnotationEx2" name="editTestCase2" time="0.007"/>
  <testcase classname="Selenium_TestNG.Demo8" name="createTestCase1" time="0.003"/>
  <testcase classname="Selenium_TestNG.Demo8" name="createTestCase1" time="0.003"/>
  <testcase classname="Selenium_TestNG.Demo8" name="createTestCase1" time="0.005"/>
  <testcase classname="Selenium_TestNG.Demo8" name="createTestCase1" time="0.003"/>
  <testcase classname="Selenium_TestNG.Demo8" name="createTestCase1" time="0.003"/>
  <testcase classname="Selenium_TestNG.Demo8" name="createTestCase1" time="0.005"/>
  <testcase classname="Selenium_TestNG.Demo8" name="createTestCase1" time="0.003"/>
  <testcase classname="Selenium_TestNG.Demo8" name="createTestCase1" time="0.011"/>
  <testcase classname="Selenium_TestNG.Demo8" name="createTestCase1" time="0.004"/>
  <testcase classname="Selenium_TestNG.Demo8" name="createTestCase1" time="0.003"/>
  <testcase classname="Selenium_TestNG.Demo8" name="createTestCase1" time="0.003"/>
  <testcase classname="Selenium_TestNG.Demo8" name="createTestCase1" time="0.005"/>
  <testcase classname="Selenium_TestNG.Demo8" name="createTestCase1" time="0.003"/>
  <testcase classname="Selenium_TestNG.Demo8" name="createTestCase1" time="0.004"/>
  <testcase classname="Selenium_TestNG.Demo8" name="createTestCase1" time="0.002"/>
  <testcase classname="Selenium_TestNG.Demo8" name="createTestCase1" time="0.005"/>
  <testcase classname="Selenium_TestNG.Demo8" name="createTestCase1" time="0.003"/>
  <testcase classname="Selenium_TestNG.Demo8" name="createTestCase1" time="0.003"/>
  <testcase classname="Selenium_TestNG.Demo8" name="createTestCase1" time="0.002"/>
  <testcase classname="Selenium_TestNG.Demo8" name="createTestCase1" time="0.005"/>
  <testcase classname="Selenium_TestNG.Demo8" name="createTestCase1" time="0.002"/>
  <testcase classname="Selenium_TestNG.Demo8" name="createTestCase1" time="0.003"/>
  <testcase classname="Selenium_TestNG.Demo8" name="createTestCase1" time="0.002"/>
  <testcase classname="Selenium_TestNG.Demo8" name="createTestCase1" time="0.002"/>
  <testcase classname="Selenium_TestNG.Demo8" name="createTestCase1" time="0.004"/>
  <testcase classname="Selenium_TestNG.Demo8" name="createTestCase1" time="0.017"/>
  <testcase classname="Selenium_TestNG.Demo8" name="createTestCase1" time="0.002"/>
  <testcase classname="Selenium_TestNG.Demo8" name="createTestCase1" time="0.006"/>
  <testcase classname="Selenium_TestNG.Demo8" name="createTestCase1" time="0.002"/>
  <testcase classname="Selenium_TestNG.Demo8" name="createTestCase1" time="0.012"/>
  <testcase classname="Selenium_TestNG.Demo8" name="createTestCase1" time="0.002"/>
  <testcase classname="Selenium_TestNG.Demo8" name="createTestCase1" time="0.002"/>
  <testcase classname="Selenium_TestNG.Demo8" name="createTestCase1" time="0.003"/>
  <testcase classname="Selenium_TestNG.Demo8" name="createTestCase1" time="0.002"/>
  <testcase classname="Selenium_TestNG.Demo8" name="createTestCase1" time="0.003"/>
  <testcase classname="Selenium_TestNG.Demo8" name="createTestCase1" time="0.003"/>
  <testcase classname="Selenium_TestNG.Demo8" name="createTestCase1" time="0.002"/>
  <testcase classname="Selenium_TestNG.Demo8" name="createTestCase1" time="0.028"/>
  <testcase classname="Selenium_TestNG.Demo8" name="createTestCase1" time="0.002"/>
  <testcase classname="Selenium_TestNG.Demo8" name="createTestCase1" time="0.001"/>
  <testcase classname="Selenium_TestNG.Demo8" name="createTestCase1" time="0.002"/>
  <testcase classname="Selenium_TestNG.Demo8" name="createTestCase1" time="0.002"/>
  <testcase classname="Selenium_TestNG.Demo8" name="createTestCase1" time="0.002"/>
  <testcase classname="Selenium_TestNG.Demo8" name="createTestCase1" time="0.002"/>
  <testcase classname="Selenium_TestNG.Demo8" name="createTestCase1" time="0.002"/>
  <testcase classname="Selenium_TestNG.Demo8" name="createTestCase1" time="0.002"/>
  <testcase classname="Selenium_TestNG.Demo8" name="createTestCase1" time="0.003"/>
  <testcase classname="Selenium_TestNG.Demo8" name="createTestCase1" time="0.003"/>
  <testcase classname="Selenium_TestNG.Demo8" name="createTestCase1" time="0.003"/>
  <testcase classname="Selenium_TestNG.Demo8" name="createTestCase1" time="0.002"/>
  <testcase classname="Selenium_TestNG.Demo8" name="createTestCase1" time="0.002"/>
  <testcase classname="Selenium_TestNG.Demo8" name="createTestCase1" time="0.001"/>
  <testcase classname="Selenium_TestNG.Demo8" name="createTestCase1" time="0.003"/>
  <testcase classname="Selenium_TestNG.Demo8" name="createTestCase1" time="0.002"/>
  <testcase classname="Selenium_TestNG.Demo8" name="createTestCase1" time="0.003"/>
  <testcase classname="Selenium_TestNG.Demo8" name="createTestCase1" time="0.002"/>
  <testcase classname="Selenium_TestNG.Demo8" name="createTestCase1" time="0.001"/>
  <testcase classname="Selenium_TestNG.Demo8" name="createTestCase1" time="0.002"/>
  <testcase classname="Selenium_TestNG.Demo8" name="createTestCase1" time="0.045"/>
  <testcase classname="Selenium_TestNG.Demo8" name="createTestCase1" time="0.002"/>
  <testcase classname="Selenium_TestNG.Demo8" name="createTestCase1" time="0.007"/>
  <testcase classname="Selenium_TestNG.Demo8" name="createTestCase1" time="0.002"/>
  <testcase classname="Selenium_TestNG.Demo8" name="createTestCase1" time="0.002"/>
  <testcase classname="Selenium_TestNG.Demo8" name="createTestCase1" time="0.002"/>
  <testcase classname="Selenium_TestNG.Demo8" name="createTestCase1" time="0.001"/>
  <testcase classname="Selenium_TestNG.Demo8" name="createTestCase1" time="0.002"/>
  <testcase classname="Selenium_TestNG.Demo8" name="createTestCase1" time="0.002"/>
  <testcase classname="Selenium_TestNG.Demo8" name="createTestCase1" time="0.001"/>
  <testcase classname="Selenium_TestNG.Demo8" name="createTestCase1" time="0.002"/>
  <testcase classname="Selenium_TestNG.Demo8" name="createTestCase1" time="0.002"/>
  <testcase classname="Selenium_TestNG.Demo8" name="createTestCase1" time="0.094"/>
  <testcase classname="Selenium_TestNG.Demo8" name="createTestCase1" time="0.002"/>
  <testcase classname="Selenium_TestNG.Demo8" name="createTestCase1" time="0.003"/>
  <testcase classname="Selenium_TestNG.Demo8" name="createTestCase1" time="0.001"/>
  <testcase classname="Selenium_TestNG.Demo8" name="createTestCase1" time="0.003"/>
  <testcase classname="Selenium_TestNG.Demo8" name="createTestCase1" time="0.002"/>
  <testcase classname="Selenium_TestNG.Demo8" name="createTestCase1" time="0.001"/>
  <testcase classname="Selenium_TestNG.Demo8" name="createTestCase1" time="0.002"/>
  <testcase classname="Selenium_TestNG.Demo8" name="createTestCase1" time="0.002"/>
  <testcase classname="Selenium_TestNG.Demo8" name="createTestCase1" time="0.002"/>
  <testcase classname="Selenium_TestNG.Demo8" name="createTestCase1" time="0.002"/>
  <testcase classname="Selenium_TestNG.Demo8" name="createTestCase1" time="0.002"/>
  <testcase classname="Selenium_TestNG.Demo8" name="createTestCase1" time="0.041"/>
  <testcase classname="Selenium_TestNG.Demo8" name="createTestCase1" time="0.061"/>
  <testcase classname="Selenium_TestNG.Demo8" name="createTestCase1" time="0.002"/>
  <testcase classname="Selenium_TestNG.Demo8" name="createTestCase1" time="0.002"/>
  <testcase classname="Selenium_TestNG.Demo8" name="createTestCase1" time="0.002"/>
  <testcase classname="Selenium_TestNG.Demo8" name="createTestCase1" time="0.002"/>
  <testcase classname="Selenium_TestNG.Demo8" name="createTestCase1" time="0.002"/>
  <testcase classname="Selenium_TestNG.Demo8" name="createTestCase1" time="0.001"/>
  <testcase classname="Selenium_TestNG.Demo8" name="createTestCase1" time="0.002"/>
  <testcase classname="Selenium_TestNG.Demo8" name="createTestCase1" time="0.002"/>
  <testcase classname="Selenium_TestNG.Demo8" name="createTestCase1" time="0.002"/>
  <testcase classname="Selenium_TestNG.Demo8" name="createTestCase1" time="0.002"/>
  <testcase classname="Selenium_TestNG.Demo8" name="createTestCase1" time="0.002"/>
  <testcase classname="Selenium_TestNG.Demo8" name="createTestCase1" time="0.002"/>
  <testcase classname="Selenium_TestNG.Demo8" name="createTestCase1" time="0.003"/>
  <testcase classname="Selenium_TestNG.Demo8" name="createTestCase1" time="0.001"/>
  <testcase classname="Selenium_TestNG.Demo8" name="createTestCase1" time="0.001"/>
  <testcase classname="Selenium_TestNG.Demo8" name="createTestCase1" time="0.014"/>
  <testcase classname="Selenium_TestNG.Demo8" name="editTestCase2" time="0.001"/>
  <testcase classname="Selenium_TestNG.Demo8" name="editTestCase2" time="0.002"/>
  <testcase classname="Selenium_TestNG.Demo8" name="editTestCase2" time="0.001"/>
  <testcase classname="Selenium_TestNG.Demo8" name="editTestCase2" time="0.001"/>
  <testcase classname="Selenium_TestNG.Demo8" name="editTestCase2" time="0.002"/>
  <testcase classname="Selenium_TestNG.Demo8" name="editTestCase2" time="0.003"/>
  <testcase classname="Selenium_TestNG.Demo8" name="editTestCase2" time="0.003"/>
  <testcase classname="Selenium_TestNG.Demo8" name="editTestCase2" time="0.004"/>
  <testcase classname="Selenium_TestNG.Demo8" name="editTestCase2" time="0.002"/>
  <testcase classname="Selenium_TestNG.Demo8" name="editTestCase2" time="0.002"/>
  <testcase classname="Selenium_TestNG.Demo8" name="editTestCase2" time="0.003"/>
  <testcase classname="Selenium_TestNG.Demo8" name="editTestCase2" time="0.001"/>
  <testcase classname="Selenium_TestNG.Demo8" name="editTestCase2" time="0.002"/>
  <testcase classname="Selenium_TestNG.Demo8" name="editTestCase2" time="0.001"/>
  <testcase classname="Selenium_TestNG.Demo8" name="editTestCase2" time="0.001"/>
  <testcase classname="Selenium_TestNG.Demo8" name="editTestCase2" time="0.004"/>
  <testcase classname="Selenium_TestNG.Demo8" name="editTestCase2" time="0.002"/>
  <testcase classname="Selenium_TestNG.Demo8" name="editTestCase2" time="0.001"/>
  <testcase classname="Selenium_TestNG.Demo8" name="editTestCase2" time="0.001"/>
  <testcase classname="Selenium_TestNG.Demo8" name="editTestCase2" time="0.001"/>
  <testcase classname="Selenium_TestNG.Demo8" name="deleteTestCase3" time="0.002"/>
  <testcase classname="Selenium_TestNG.Demo8" name="deleteTestCase3" time="0.001"/>
  <testcase classname="Selenium_TestNG.Demo8" name="deleteTestCase3" time="0.003"/>
  <testcase classname="Selenium_TestNG.Demo8" name="deleteTestCase3" time="0.001"/>
  <testcase classname="Selenium_TestNG.Demo8" name="deleteTestCase3" time="0.002"/>
  <testcase classname="Selenium_TestNG.Demo8" name="deleteTestCase3" time="0.001"/>
  <testcase classname="Selenium_TestNG.Demo8" name="deleteTestCase3" time="0.001"/>
  <testcase classname="Selenium_TestNG.Demo8" name="deleteTestCase3" time="0.001"/>
  <testcase classname="Selenium_TestNG.Demo8" name="deleteTestCase3" time="0.001"/>
  <testcase classname="Selenium_TestNG.Demo8" name="deleteTestCase3" time="0.002"/>
  <testcase classname="Selenium_TestNG.Demo8" name="deleteTestCase3" time="0.001"/>
  <testcase classname="Selenium_TestNG.Demo8" name="deleteTestCase3" time="0.001"/>
  <testcase classname="Selenium_TestNG.Demo8" name="deleteTestCase3" time="0.001"/>
  <testcase classname="Selenium_TestNG.Demo8" name="deleteTestCase3" time="0.002"/>
  <testcase classname="Selenium_TestNG.Demo8" name="deleteTestCase3" time="0.002"/>
  <testcase classname="Selenium_TestNG.Demo8" name="deleteTestCase3" time="0.003"/>
  <testcase classname="Selenium_TestNG.Demo8" name="deleteTestCase3" time="0.002"/>
  <testcase classname="Selenium_TestNG.Demo8" name="deleteTestCase3" time="0.001"/>
  <testcase classname="Selenium_TestNG.Demo8" name="deleteTestCase3" time="0.002"/>
  <testcase classname="Selenium_TestNG.Demo8" name="deleteTestCase3" time="0.002"/>
  <testcase classname="Selenium_TestNG.Demo8" name="deleteTestCase3" time="0.002"/>
  <testcase classname="Selenium_TestNG.Demo8" name="deleteTestCase3" time="0.001"/>
  <testcase classname="Selenium_TestNG.Demo8" name="deleteTestCase3" time="0.001"/>
  <testcase classname="Selenium_TestNG.Demo8" name="deleteTestCase3" time="0.002"/>
  <testcase classname="Selenium_TestNG.Demo8" name="deleteTestCase3" time="0.004"/>
  <testcase classname="Selenium_TestNG.Demo8" name="deleteTestCase3" time="0.002"/>
  <testcase classname="Selenium_TestNG.Demo8" name="deleteTestCase3" time="0.001"/>
  <testcase classname="Selenium_TestNG.Demo8" name="deleteTestCase3" time="0.002"/>
  <testcase classname="Selenium_TestNG.Demo8" name="deleteTestCase3" time="0.001"/>
  <testcase classname="Selenium_TestNG.Demo8" name="deleteTestCase3" time="0.001"/>
  <testcase classname="Selenium_TestNG.Demo8" name="deleteTestCase3" time="0.001"/>
  <testcase classname="Selenium_TestNG.Demo8" name="deleteTestCase3" time="0.002"/>
  <testcase classname="Selenium_TestNG.Demo8" name="deleteTestCase3" time="0.002"/>
  <testcase classname="Selenium_TestNG.Demo8" name="deleteTestCase3" time="0.002"/>
  <testcase classname="Selenium_TestNG.Demo8" name="deleteTestCase3" time="0.001"/>
  <testcase classname="Selenium_TestNG.Demo8" name="deleteTestCase3" time="0.001"/>
  <testcase classname="Selenium_TestNG.Demo8" name="deleteTestCase3" time="0.001"/>
  <testcase classname="Selenium_TestNG.Demo8" name="deleteTestCase3" time="0.002"/>
  <testcase classname="Selenium_TestNG.Demo8" name="deleteTestCase3" time="0.001"/>
  <testcase classname="Selenium_TestNG.Demo8" name="deleteTestCase3" time="0.001"/>
  <testcase classname="Selenium_TestNG.Demo8" name="deleteTestCase3" time="0.002"/>
  <testcase classname="Selenium_TestNG.Demo8" name="deleteTestCase3" time="0.002"/>
  <testcase classname="Selenium_TestNG.Demo8" name="deleteTestCase3" time="0.001"/>
  <testcase classname="Selenium_TestNG.Demo8" name="deleteTestCase3" time="0.001"/>
  <testcase classname="Selenium_TestNG.Demo8" name="deleteTestCase3" time="0.001"/>
  <testcase classname="Selenium_TestNG.Demo8" name="deleteTestCase3" time="0.001"/>
  <testcase classname="Selenium_TestNG.Demo8" name="deleteTestCase3" time="0.001"/>
  <testcase classname="Selenium_TestNG.Demo8" name="deleteTestCase3" time="0.001"/>
  <testcase classname="Selenium_TestNG.Demo8" name="deleteTestCase3" time="0.001"/>
  <testcase classname="Selenium_TestNG.Demo8" name="deleteTestCase3" time="0.001"/>
  <testcase classname="Selenium_TestNG.Demo7" name="editTestCase2" time="0.002"/>
  <testcase classname="Selenium_TestNG.InheritanceEx_In_TestNG" name="testCase1" time="0.001"/>
  <testcase classname="Selenium_TestNG.Demo9" name="createTestCase1" time="0.001"/>
  <testcase classname="Selenium_TestNG.Demo9" name="deleteTestCase3" time="0.001"/>
  <testcase classname="Selenium_TestNG.Demo9" name="editTestCase2" time="0.002"/>
  <testcase classname="Selenium_TestNG.Demo4" name="deleteTestCase3" time="0.002"/>
  <testcase classname="Selenium_TestNG.Demo4" name="createTestCase1" time="0.001"/>
  <testcase classname="Selenium_TestNG.Demo4" name="editTestCase2" time="0.001"/>
  <testcase classname="Selenium_TestNG.Demo3" name="createTestCase1" time="0.001"/>
  <testcase classname="Selenium_TestNG.Demo3" name="editTestCase2" time="0.001"/>
  <testcase classname="Selenium_TestNG.Demo3" name="deleteTestCase3" time="0.001"/>
  <testcase classname="Selenium_TestNG.Demo6" name="createTestCase1" time="0.007"/>
  <testcase classname="Selenium_TestNG.Demo6" name="deleteTestCase3" time="0.001"/>
  <testcase classname="Selenium_TestNG.Demo5" name="createTestCase1" time="0.002"/>
  <testcase classname="Selenium_TestNG.Demo5" name="deleteTestCase3" time="0.001"/>
  <testcase classname="Selenium_TestNG.Demo5" name="editTestCase2" time="0.002"/>
  <testcase classname="Selenium_TestNG.Demo2" name="createTestCase1" time="0.003"/>
  <testcase classname="Selenium_TestNG.Demo2" name="deleteTestCase3" time="0.004"/>
  <testcase classname="Selenium_TestNG.Demo2" name="editTestCase2" time="0.002"/>
  <testcase classname="Selenium_TestNG.Demo1" name="testCase1" time="0.001"/>
  <testcase classname="Selenium_TestNG.Demo1" name="testCase2" time="0.001"/>
  <testcase classname="Selenium_TestNG.Demo1" name="testCase3" time="0.001"/>
  <testcase classname="Selenium_TestNG.Demo11" name="loginCreateTestCase1" time="0.002"/>
  <testcase classname="Selenium_TestNG.Demo11" name="composeEditTestCase2" time="0.038"/>
  <testcase classname="Selenium_TestNG.Demo11" name="sentMailDeleteTestCase3" time="0.001"/>
  <testcase classname="Selenium_TestNG.Demo10" name="loginCreateTestCase1" time="0.002"/>
  <testcase classname="Selenium_TestNG.Demo10" name="composeEditTestCase2" time="0.002"/>
  <testcase classname="Selenium_TestNG.Demo10" name="sentMailDeleteTestCase3" time="0.001"/>
  <testcase classname="Selenium_TestNG.VerifyLoginPage_SoftAssert" name="verifyValidLoginPage" time="75.194">
    <failure type="java.lang.AssertionError" message="The following asserts failed:
	expected [aaaaaaaaaaaa] but found [actiTIME - Login]">
      <![CDATA[java.lang.AssertionError: The following asserts failed:
expected [aaaaaaaaaaaa] but found [actiTIME - Login]
at Selenium_TestNG.VerifyLoginPage_SoftAssert.verifyValidLoginPage(VerifyLoginPage_SoftAssert.java:37)
at java.base/java.util.ArrayList.forEach(ArrayList.java:1511)
... Removed 29 stack frames]]>
    </failure>
  </testcase> <!-- verifyValidLoginPage -->
  <testcase classname="Selenium_TestNG.VerifyLoginPage_SoftAssert" name="verifyValidLoginPage1" time="34.746"/>
  <testcase classname="Selenium_TestNG.VerifyLoginPage_Assert" name="verifyValidLoginPage" time="16.622">
    <failure type="java.lang.AssertionError" message="expected [aaaaaaaaaa] but found [actiTIME - Login]">
      <![CDATA[java.lang.AssertionError: expected [aaaaaaaaaa] but found [actiTIME - Login]
at Selenium_TestNG.VerifyLoginPage_Assert.verifyValidLoginPage(VerifyLoginPage_Assert.java:29)
at java.base/java.util.ArrayList.forEach(ArrayList.java:1511)
... Removed 33 stack frames]]>
    </failure>
  </testcase> <!-- verifyValidLoginPage -->
  <testcase classname="Selenium_TestNG.VerifyLoginPage_Assert" name="verifyValidLoginPage1" time="54.482"/>
  <testcase classname="Selenium_TestNG.Inheritance_In_TestNG" name="createTestCase1" time="0.001"/>
  <testcase classname="Selenium_TestNG.Inheritance_In_TestNG" name="deleteTestCase3" time="0.001"/>
  <testcase classname="Selenium_TestNG.Inheritance_In_TestNG" name="editTestCase2" time="0.001"/>
  <testcase classname="Selenium_TestNG.TestNG_AnnotationEx1" name="testCase1" time="0.001"/>
  <testcase classname="Selenium_TestNG.TestNG_AnnotationEx1" name="testCase2" time="0.001"/>
  <testcase classname="Selenium_TestNG.TestNG_AnnotationEx1" name="testCase3" time="0.002"/>
  <testcase classname="Selenium_TestNG.Demo7" name="deleteTestCase3" time="0.0">
    <ignored/>
  </testcase> <!-- deleteTestCase3 -->
  <testcase classname="Selenium_TestNG.Demo7" name="createTestCase1" time="0.0">
    <ignored/>
  </testcase> <!-- createTestCase1 -->
</testsuite> <!-- Testt -->
