<?xml version="1.0" encoding="UTF-8"?>
<!-- Generated by org.testng.reporters.JUnitXMLReporter -->
<testsuite ignored="0" hostname="DESKTOP-B3ICOIK" failures="0" tests="3" name="Default test" time="0.253" errors="0" timestamp="2023-06-15T02:36:04 IST">
  <testcase classname="TestNG.Demo11" name="loginCreateTestCase1" time="0.031"/>
  <testcase classname="TestNG.Demo11" name="composeEditTestCase2" time="0.006"/>
  <testcase classname="TestNG.Demo11" name="sentMailDeleteTestCase3" time="0.006"/>
</testsuite> <!-- Default test -->
