<?xml version="1.0" encoding="UTF-8"?>
<!-- Generated by org.testng.reporters.JUnitXMLReporter -->
<testsuite ignored="0" hostname="Admin-PC" failures="2" tests="4" name="Test" time="112.867" errors="0" timestamp="2022-03-28T17:58:29 IST">
  <testcase classname="Selenium_CapturingSccreenshot.VerifyLoginPage_Screenshot" name="loginPage" time="78.752"/>
  <testcase classname="Selenium_CapturingSccreenshot.VerifyLoginPage_Screenshot" name="moveToAccountsAndLists" time="14.456">
    <failure type="java.lang.AssertionError" message="expected [xyz] but found [abc]">
      <![CDATA[java.lang.AssertionError: expected [xyz] but found [abc]
at Selenium_CapturingSccreenshot.VerifyLoginPage_Screenshot.moveToAccountsAndLists(VerifyLoginPage_Screenshot.java:42)
at java.base/java.util.ArrayList.forEach(ArrayList.java:1511)
... Removed 33 stack frames]]>
    </failure>
  </testcase> <!-- moveToAccountsAndLists -->
  <testcase classname="Selenium_CapturingSccreenshot.VerifyLoginPage_Screenshot" name="clickOnSignInButton" time="10.243">
    <failure type="java.lang.AssertionError" message="expected [xyz] but found [abc]">
      <![CDATA[java.lang.AssertionError: expected [xyz] but found [abc]
at Selenium_CapturingSccreenshot.VerifyLoginPage_Screenshot.clickOnSignInButton(VerifyLoginPage_Screenshot.java:51)
at java.base/java.util.ArrayList.forEach(ArrayList.java:1511)
... Removed 33 stack frames]]>
    </failure>
  </testcase> <!-- clickOnSignInButton -->
  <testcase classname="Selenium_CapturingSccreenshot.VerifyLoginPage_Screenshot" name="enterLoginCredentials" time="5.132"/>
</testsuite> <!-- Test -->
