<?xml version="1.0" encoding="UTF-8"?>
<!-- Generated by org.testng.reporters.JUnitXMLReporter -->
<testsuite ignored="2" hostname="DESKTOP-B3ICOIK" failures="2" tests="211" name="Test" time="38.39" errors="0" timestamp="2023-06-15T02:13:09 IST">
  <testcase classname="TestNG.Demo1" name="testCase1" time="0.018"/>
  <testcase classname="TestNG.Demo1" name="testCase2" time="0.006"/>
  <testcase classname="TestNG.Demo1" name="testCase3" time="0.012"/>
  <testcase classname="TestNG.Demo2" name="createTestCase1" time="0.006"/>
  <testcase classname="TestNG.Demo2" name="deleteTestCase3" time="0.009"/>
  <testcase classname="TestNG.Demo2" name="editTestCase2" time="0.014"/>
  <testcase classname="TestNG.Demo3" name="createTestCase1" time="0.01"/>
  <testcase classname="TestNG.Demo3" name="editTestCase2" time="0.017"/>
  <testcase classname="TestNG.Demo3" name="deleteTestCase3" time="0.008"/>
  <testcase classname="TestNG.Demo4" name="deleteTestCase3" time="0.006"/>
  <testcase classname="TestNG.Demo4" name="createTestCase1" time="0.01"/>
  <testcase classname="TestNG.Demo4" name="editTestCase2" time="0.018"/>
  <testcase classname="TestNG.Demo5" name="createTestCase1" time="0.029"/>
  <testcase classname="TestNG.Demo5" name="deleteTestCase3" time="0.02"/>
  <testcase classname="TestNG.Demo5" name="editTestCase2" time="0.016"/>
  <testcase classname="TestNG.Demo6" name="createTestCase1" time="0.018"/>
  <testcase classname="TestNG.Demo6" name="deleteTestCase3" time="0.026"/>
  <testcase classname="TestNG.Demo7" name="editTestCase2" time="0.005"/>
  <testcase classname="TestNG.Demo8" name="createTestCase1" time="0.023"/>
  <testcase classname="TestNG.Demo8" name="createTestCase1" time="0.016"/>
  <testcase classname="TestNG.Demo8" name="createTestCase1" time="0.022"/>
  <testcase classname="TestNG.Demo8" name="createTestCase1" time="0.021"/>
  <testcase classname="TestNG.Demo8" name="createTestCase1" time="0.014"/>
  <testcase classname="TestNG.Demo8" name="createTestCase1" time="0.016"/>
  <testcase classname="TestNG.Demo8" name="createTestCase1" time="0.041"/>
  <testcase classname="TestNG.Demo8" name="createTestCase1" time="0.003"/>
  <testcase classname="TestNG.Demo8" name="createTestCase1" time="0.006"/>
  <testcase classname="TestNG.Demo8" name="createTestCase1" time="0.006"/>
  <testcase classname="TestNG.Demo8" name="createTestCase1" time="0.004"/>
  <testcase classname="TestNG.Demo8" name="createTestCase1" time="0.008"/>
  <testcase classname="TestNG.Demo8" name="createTestCase1" time="0.007"/>
  <testcase classname="TestNG.Demo8" name="createTestCase1" time="0.008"/>
  <testcase classname="TestNG.Demo8" name="createTestCase1" time="0.003"/>
  <testcase classname="TestNG.Demo8" name="createTestCase1" time="0.004"/>
  <testcase classname="TestNG.Demo8" name="createTestCase1" time="0.003"/>
  <testcase classname="TestNG.Demo8" name="createTestCase1" time="0.003"/>
  <testcase classname="TestNG.Demo8" name="createTestCase1" time="0.002"/>
  <testcase classname="TestNG.Demo8" name="createTestCase1" time="0.004"/>
  <testcase classname="TestNG.Demo8" name="createTestCase1" time="0.005"/>
  <testcase classname="TestNG.Demo8" name="createTestCase1" time="0.004"/>
  <testcase classname="TestNG.Demo8" name="createTestCase1" time="0.003"/>
  <testcase classname="TestNG.Demo8" name="createTestCase1" time="0.002"/>
  <testcase classname="TestNG.Demo8" name="createTestCase1" time="0.008"/>
  <testcase classname="TestNG.Demo8" name="createTestCase1" time="0.003"/>
  <testcase classname="TestNG.Demo8" name="createTestCase1" time="0.005"/>
  <testcase classname="TestNG.Demo8" name="createTestCase1" time="0.002"/>
  <testcase classname="TestNG.Demo8" name="createTestCase1" time="0.006"/>
  <testcase classname="TestNG.Demo8" name="createTestCase1" time="0.003"/>
  <testcase classname="TestNG.Demo8" name="createTestCase1" time="0.003"/>
  <testcase classname="TestNG.Demo8" name="createTestCase1" time="0.009"/>
  <testcase classname="TestNG.Demo8" name="createTestCase1" time="0.001"/>
  <testcase classname="TestNG.Demo8" name="createTestCase1" time="0.002"/>
  <testcase classname="TestNG.Demo8" name="createTestCase1" time="0.003"/>
  <testcase classname="TestNG.Demo8" name="createTestCase1" time="0.001"/>
  <testcase classname="TestNG.Demo8" name="createTestCase1" time="0.002"/>
  <testcase classname="TestNG.Demo8" name="createTestCase1" time="0.002"/>
  <testcase classname="TestNG.Demo8" name="createTestCase1" time="0.013"/>
  <testcase classname="TestNG.Demo8" name="createTestCase1" time="0.003"/>
  <testcase classname="TestNG.Demo8" name="createTestCase1" time="0.003"/>
  <testcase classname="TestNG.Demo8" name="createTestCase1" time="0.003"/>
  <testcase classname="TestNG.Demo8" name="createTestCase1" time="0.005"/>
  <testcase classname="TestNG.Demo8" name="createTestCase1" time="0.003"/>
  <testcase classname="TestNG.Demo8" name="createTestCase1" time="0.007"/>
  <testcase classname="TestNG.Demo8" name="createTestCase1" time="0.003"/>
  <testcase classname="TestNG.Demo8" name="createTestCase1" time="0.002"/>
  <testcase classname="TestNG.Demo8" name="createTestCase1" time="0.003"/>
  <testcase classname="TestNG.Demo8" name="createTestCase1" time="0.003"/>
  <testcase classname="TestNG.Demo8" name="createTestCase1" time="0.003"/>
  <testcase classname="TestNG.Demo8" name="createTestCase1" time="0.013"/>
  <testcase classname="TestNG.Demo8" name="createTestCase1" time="0.003"/>
  <testcase classname="TestNG.Demo8" name="createTestCase1" time="0.002"/>
  <testcase classname="TestNG.Demo8" name="createTestCase1" time="0.003"/>
  <testcase classname="TestNG.Demo8" name="createTestCase1" time="0.003"/>
  <testcase classname="TestNG.Demo8" name="createTestCase1" time="0.047"/>
  <testcase classname="TestNG.Demo8" name="createTestCase1" time="0.011"/>
  <testcase classname="TestNG.Demo8" name="createTestCase1" time="0.003"/>
  <testcase classname="TestNG.Demo8" name="createTestCase1" time="0.002"/>
  <testcase classname="TestNG.Demo8" name="createTestCase1" time="0.002"/>
  <testcase classname="TestNG.Demo8" name="createTestCase1" time="0.005"/>
  <testcase classname="TestNG.Demo8" name="createTestCase1" time="0.002"/>
  <testcase classname="TestNG.Demo8" name="createTestCase1" time="0.003"/>
  <testcase classname="TestNG.Demo8" name="createTestCase1" time="0.003"/>
  <testcase classname="TestNG.Demo8" name="createTestCase1" time="0.016"/>
  <testcase classname="TestNG.Demo8" name="createTestCase1" time="0.003"/>
  <testcase classname="TestNG.Demo8" name="createTestCase1" time="0.005"/>
  <testcase classname="TestNG.Demo8" name="createTestCase1" time="0.012"/>
  <testcase classname="TestNG.Demo8" name="createTestCase1" time="0.004"/>
  <testcase classname="TestNG.Demo8" name="createTestCase1" time="0.008"/>
  <testcase classname="TestNG.Demo8" name="createTestCase1" time="0.003"/>
  <testcase classname="TestNG.Demo8" name="createTestCase1" time="0.026"/>
  <testcase classname="TestNG.Demo8" name="createTestCase1" time="0.002"/>
  <testcase classname="TestNG.Demo8" name="createTestCase1" time="0.003"/>
  <testcase classname="TestNG.Demo8" name="createTestCase1" time="0.002"/>
  <testcase classname="TestNG.Demo8" name="createTestCase1" time="0.002"/>
  <testcase classname="TestNG.Demo8" name="createTestCase1" time="0.002"/>
  <testcase classname="TestNG.Demo8" name="createTestCase1" time="0.002"/>
  <testcase classname="TestNG.Demo8" name="createTestCase1" time="0.002"/>
  <testcase classname="TestNG.Demo8" name="createTestCase1" time="0.002"/>
  <testcase classname="TestNG.Demo8" name="createTestCase1" time="0.002"/>
  <testcase classname="TestNG.Demo8" name="createTestCase1" time="0.005"/>
  <testcase classname="TestNG.Demo8" name="createTestCase1" time="0.004"/>
  <testcase classname="TestNG.Demo8" name="createTestCase1" time="0.002"/>
  <testcase classname="TestNG.Demo8" name="createTestCase1" time="0.002"/>
  <testcase classname="TestNG.Demo8" name="createTestCase1" time="0.003"/>
  <testcase classname="TestNG.Demo8" name="createTestCase1" time="0.008"/>
  <testcase classname="TestNG.Demo8" name="createTestCase1" time="0.002"/>
  <testcase classname="TestNG.Demo8" name="createTestCase1" time="0.002"/>
  <testcase classname="TestNG.Demo8" name="createTestCase1" time="0.002"/>
  <testcase classname="TestNG.Demo8" name="createTestCase1" time="0.002"/>
  <testcase classname="TestNG.Demo8" name="createTestCase1" time="0.004"/>
  <testcase classname="TestNG.Demo8" name="createTestCase1" time="0.002"/>
  <testcase classname="TestNG.Demo8" name="createTestCase1" time="0.002"/>
  <testcase classname="TestNG.Demo8" name="createTestCase1" time="0.003"/>
  <testcase classname="TestNG.Demo8" name="createTestCase1" time="0.001"/>
  <testcase classname="TestNG.Demo8" name="createTestCase1" time="0.002"/>
  <testcase classname="TestNG.Demo8" name="createTestCase1" time="0.002"/>
  <testcase classname="TestNG.Demo8" name="createTestCase1" time="0.004"/>
  <testcase classname="TestNG.Demo8" name="createTestCase1" time="0.002"/>
  <testcase classname="TestNG.Demo8" name="editTestCase2" time="0.002"/>
  <testcase classname="TestNG.Demo8" name="editTestCase2" time="0.002"/>
  <testcase classname="TestNG.Demo8" name="editTestCase2" time="0.01"/>
  <testcase classname="TestNG.Demo8" name="editTestCase2" time="0.009"/>
  <testcase classname="TestNG.Demo8" name="editTestCase2" time="0.016"/>
  <testcase classname="TestNG.Demo8" name="editTestCase2" time="0.003"/>
  <testcase classname="TestNG.Demo8" name="editTestCase2" time="0.006"/>
  <testcase classname="TestNG.Demo8" name="editTestCase2" time="0.003"/>
  <testcase classname="TestNG.Demo8" name="editTestCase2" time="0.002"/>
  <testcase classname="TestNG.Demo8" name="editTestCase2" time="0.002"/>
  <testcase classname="TestNG.Demo8" name="editTestCase2" time="0.002"/>
  <testcase classname="TestNG.Demo8" name="editTestCase2" time="0.006"/>
  <testcase classname="TestNG.Demo8" name="editTestCase2" time="0.004"/>
  <testcase classname="TestNG.Demo8" name="editTestCase2" time="0.005"/>
  <testcase classname="TestNG.Demo8" name="editTestCase2" time="0.002"/>
  <testcase classname="TestNG.Demo8" name="editTestCase2" time="0.012"/>
  <testcase classname="TestNG.Demo8" name="editTestCase2" time="0.002"/>
  <testcase classname="TestNG.Demo8" name="editTestCase2" time="0.001"/>
  <testcase classname="TestNG.Demo8" name="editTestCase2" time="0.003"/>
  <testcase classname="TestNG.Demo8" name="editTestCase2" time="0.002"/>
  <testcase classname="TestNG.Demo8" name="deleteTestCase3" time="0.002"/>
  <testcase classname="TestNG.Demo8" name="deleteTestCase3" time="0.003"/>
  <testcase classname="TestNG.Demo8" name="deleteTestCase3" time="0.002"/>
  <testcase classname="TestNG.Demo8" name="deleteTestCase3" time="0.002"/>
  <testcase classname="TestNG.Demo8" name="deleteTestCase3" time="0.001"/>
  <testcase classname="TestNG.Demo8" name="deleteTestCase3" time="0.002"/>
  <testcase classname="TestNG.Demo8" name="deleteTestCase3" time="0.004"/>
  <testcase classname="TestNG.Demo8" name="deleteTestCase3" time="0.002"/>
  <testcase classname="TestNG.Demo8" name="deleteTestCase3" time="0.002"/>
  <testcase classname="TestNG.Demo8" name="deleteTestCase3" time="0.001"/>
  <testcase classname="TestNG.Demo8" name="deleteTestCase3" time="0.006"/>
  <testcase classname="TestNG.Demo8" name="deleteTestCase3" time="0.001"/>
  <testcase classname="TestNG.Demo8" name="deleteTestCase3" time="0.002"/>
  <testcase classname="TestNG.Demo8" name="deleteTestCase3" time="0.001"/>
  <testcase classname="TestNG.Demo8" name="deleteTestCase3" time="0.002"/>
  <testcase classname="TestNG.Demo8" name="deleteTestCase3" time="0.006"/>
  <testcase classname="TestNG.Demo8" name="deleteTestCase3" time="0.002"/>
  <testcase classname="TestNG.Demo8" name="deleteTestCase3" time="0.001"/>
  <testcase classname="TestNG.Demo8" name="deleteTestCase3" time="0.002"/>
  <testcase classname="TestNG.Demo8" name="deleteTestCase3" time="0.009"/>
  <testcase classname="TestNG.Demo8" name="deleteTestCase3" time="0.002"/>
  <testcase classname="TestNG.Demo8" name="deleteTestCase3" time="0.002"/>
  <testcase classname="TestNG.Demo8" name="deleteTestCase3" time="0.004"/>
  <testcase classname="TestNG.Demo8" name="deleteTestCase3" time="0.001"/>
  <testcase classname="TestNG.Demo8" name="deleteTestCase3" time="0.002"/>
  <testcase classname="TestNG.Demo8" name="deleteTestCase3" time="0.003"/>
  <testcase classname="TestNG.Demo8" name="deleteTestCase3" time="0.007"/>
  <testcase classname="TestNG.Demo8" name="deleteTestCase3" time="0.002"/>
  <testcase classname="TestNG.Demo8" name="deleteTestCase3" time="0.001"/>
  <testcase classname="TestNG.Demo8" name="deleteTestCase3" time="0.002"/>
  <testcase classname="TestNG.Demo8" name="deleteTestCase3" time="0.002"/>
  <testcase classname="TestNG.Demo8" name="deleteTestCase3" time="0.007"/>
  <testcase classname="TestNG.Demo8" name="deleteTestCase3" time="0.001"/>
  <testcase classname="TestNG.Demo8" name="deleteTestCase3" time="0.001"/>
  <testcase classname="TestNG.Demo8" name="deleteTestCase3" time="0.002"/>
  <testcase classname="TestNG.Demo8" name="deleteTestCase3" time="0.004"/>
  <testcase classname="TestNG.Demo8" name="deleteTestCase3" time="0.004"/>
  <testcase classname="TestNG.Demo8" name="deleteTestCase3" time="0.002"/>
  <testcase classname="TestNG.Demo8" name="deleteTestCase3" time="0.002"/>
  <testcase classname="TestNG.Demo8" name="deleteTestCase3" time="0.001"/>
  <testcase classname="TestNG.Demo8" name="deleteTestCase3" time="0.002"/>
  <testcase classname="TestNG.Demo8" name="deleteTestCase3" time="0.004"/>
  <testcase classname="TestNG.Demo8" name="deleteTestCase3" time="0.001"/>
  <testcase classname="TestNG.Demo8" name="deleteTestCase3" time="0.001"/>
  <testcase classname="TestNG.Demo8" name="deleteTestCase3" time="0.002"/>
  <testcase classname="TestNG.Demo8" name="deleteTestCase3" time="0.002"/>
  <testcase classname="TestNG.Demo8" name="deleteTestCase3" time="0.002"/>
  <testcase classname="TestNG.Demo8" name="deleteTestCase3" time="0.003"/>
  <testcase classname="TestNG.Demo8" name="deleteTestCase3" time="0.002"/>
  <testcase classname="TestNG.Demo8" name="deleteTestCase3" time="0.002"/>
  <testcase classname="TestNG.Demo9" name="createTestCase1" time="0.004"/>
  <testcase classname="TestNG.Demo9" name="deleteTestCase3" time="0.011"/>
  <testcase classname="TestNG.Demo9" name="editTestCase2" time="0.016"/>
  <testcase classname="TestNG.Demo10" name="loginCreateTestCase1" time="0.039"/>
  <testcase classname="TestNG.Demo10" name="composeEditTestCase2" time="0.013"/>
  <testcase classname="TestNG.Demo10" name="sentMailDeleteTestCase3" time="0.003"/>
  <testcase classname="TestNG.Demo11" name="loginCreateTestCase1" time="0.001"/>
  <testcase classname="TestNG.Demo11" name="composeEditTestCase2" time="0.007"/>
  <testcase classname="TestNG.Demo11" name="sentMailDeleteTestCase3" time="0.002"/>
  <testcase classname="TestNG.Inheritance_In_TestNG" name="createTestCase1" time="0.001"/>
  <testcase classname="TestNG.Inheritance_In_TestNG" name="deleteTestCase3" time="0.002"/>
  <testcase classname="TestNG.Inheritance_In_TestNG" name="editTestCase2" time="0.001"/>
  <testcase classname="TestNG.InheritanceEx_In_TestNG" name="testCase1" time="0.001"/>
  <testcase classname="TestNG.TestNG_AnnotationEx1" name="testCase1" time="0.002"/>
  <testcase classname="TestNG.TestNG_AnnotationEx1" name="testCase2" time="0.011"/>
  <testcase classname="TestNG.TestNG_AnnotationEx1" name="testCase3" time="0.009"/>
  <testcase classname="TestNG.TestNG_AnnotationEx2" name="createTestCase1" time="0.001"/>
  <testcase classname="TestNG.TestNG_AnnotationEx2" name="deleteTestCase3" time="0.002"/>
  <testcase classname="TestNG.TestNG_AnnotationEx2" name="editTestCase2" time="0.003"/>
  <testcase classname="TestNG.VerifyLoginPage_Assert" name="verifyValidLoginPage" time="9.68">
    <failure type="java.lang.AssertionError" message="expected [aaaaaaaaaa] but found [actiTIME - Login]">
      <![CDATA[java.lang.AssertionError: expected [aaaaaaaaaa] but found [actiTIME - Login]
at TestNG.VerifyLoginPage_Assert.verifyValidLoginPage(VerifyLoginPage_Assert.java:27)
at java.base/java.util.ArrayList.forEach(ArrayList.java:1511)
... Removed 33 stack frames]]>
    </failure>
  </testcase> <!-- verifyValidLoginPage -->
  <testcase classname="TestNG.VerifyLoginPage_Assert" name="verifyValidLoginPage1" time="10.316"/>
  <testcase classname="TestNG.VerifyLoginPage_SoftAssert" name="verifyValidLoginPage" time="2.372">
    <failure type="org.openqa.selenium.WebDriverException" message="unknown error: cannot determine loading status
from no such window
  (Session info: chrome=114.0.5735.133)
Build info: version: &amp;apos;3.141.59&amp;apos;, revision: &amp;apos;e82be7d358&amp;apos;, time: &amp;apos;2018-11-14T08:17:03&amp;apos;
System info: host: &amp;apos;DESKTOP-B3ICOIK&amp;apos;, ip: &amp;apos;192.168.43.57&amp;apos;, os.name: &amp;apos;Windows 10&amp;apos;, os.arch: &amp;apos;amd64&amp;apos;, os.version: &amp;apos;10.0&amp;apos;, java.version: &amp;apos;17.0.7&amp;apos;
Driver info: org.openqa.selenium.chrome.ChromeDriver
Capabilities {acceptInsecureCerts: false, browserName: chrome, browserVersion: 114.0.5735.133, chrome: {chromedriverVersion: 114.0.5735.90 (386bc09e8f4f..., userDataDir: C:\Users\Admin\AppData\Loca...}, goog:chromeOptions: {debuggerAddress: localhost:51913}, javascriptEnabled: true, networkConnectionEnabled: false, pageLoadStrategy: normal, platform: WINDOWS, platformName: WINDOWS, proxy: Proxy(), setWindowRect: true, strictFileInteractability: false, timeouts: {implicit: 0, pageLoad: 300000, script: 30000}, unhandledPromptBehavior: dismiss and notify, webauthn:extension:credBlob: true, webauthn:extension:largeBlob: true, webauthn:extension:minPinLength: true, webauthn:extension:prf: true, webauthn:virtualAuthenticators: true}
Session ID: ef203a39d56f6dbc2024c0530dbbc93f">
      <![CDATA[org.openqa.selenium.WebDriverException: unknown error: cannot determine loading status
from no such window
  (Session info: chrome=114.0.5735.133)
Build info: version: '3.141.59', revision: 'e82be7d358', time: '2018-11-14T08:17:03'
System info: host: 'DESKTOP-B3ICOIK', ip: '192.168.43.57', os.name: 'Windows 10', os.arch: 'amd64', os.version: '10.0', java.version: '17.0.7'
Driver info: org.openqa.selenium.chrome.ChromeDriver
Capabilities {acceptInsecureCerts: false, browserName: chrome, browserVersion: 114.0.5735.133, chrome: {chromedriverVersion: 114.0.5735.90 (386bc09e8f4f..., userDataDir: C:\Users\Admin\AppData\Loca...}, goog:chromeOptions: {debuggerAddress: localhost:51913}, javascriptEnabled: true, networkConnectionEnabled: false, pageLoadStrategy: normal, platform: WINDOWS, platformName: WINDOWS, proxy: Proxy(), setWindowRect: true, strictFileInteractability: false, timeouts: {implicit: 0, pageLoad: 300000, script: 30000}, unhandledPromptBehavior: dismiss and notify, webauthn:extension:credBlob: true, webauthn:extension:largeBlob: true, webauthn:extension:minPinLength: true, webauthn:extension:prf: true, webauthn:virtualAuthenticators: true}
Session ID: ef203a39d56f6dbc2024c0530dbbc93f
at org.openqa.selenium.remote.http.W3CHttpResponseCodec.createException(W3CHttpResponseCodec.java:187)
at org.openqa.selenium.remote.http.W3CHttpResponseCodec.decode(W3CHttpResponseCodec.java:122)
at org.openqa.selenium.remote.http.W3CHttpResponseCodec.decode(W3CHttpResponseCodec.java:49)
at org.openqa.selenium.remote.HttpCommandExecutor.execute(HttpCommandExecutor.java:158)
at org.openqa.selenium.remote.service.DriverCommandExecutor.execute(DriverCommandExecutor.java:83)
at org.openqa.selenium.remote.RemoteWebDriver.execute(RemoteWebDriver.java:552)
at org.openqa.selenium.remote.RemoteWebDriver.execute(RemoteWebDriver.java:609)
at org.openqa.selenium.remote.RemoteWebDriver$RemoteWebDriverOptions$RemoteWindow.maximize(RemoteWebDriver.java:837)
at TestNG.VerifyLoginPage_SoftAssert.verifyValidLoginPage(VerifyLoginPage_SoftAssert.java:17)
at java.base/java.util.ArrayList.forEach(ArrayList.java:1511)
... Removed 32 stack frames]]>
    </failure>
  </testcase> <!-- verifyValidLoginPage -->
  <testcase classname="TestNG.VerifyLoginPage_SoftAssert" name="verifyValidLoginPage1" time="12.834"/>
  <testcase classname="TestNG.Demo7" name="createTestCase1" time="0.0">
    <ignored/>
  </testcase> <!-- createTestCase1 -->
  <testcase classname="TestNG.Demo7" name="deleteTestCase3" time="0.0">
    <ignored/>
  </testcase> <!-- deleteTestCase3 -->
</testsuite> <!-- Test -->
