<?xml version="1.0" encoding="UTF-8"?>
<testng-results ignored="0" total="3" passed="3" failed="0" skipped="0">
  <reporter-output>
    <line>
      <![CDATA[LoginCreateTestCase-1]]>
    </line>
    <line>
      <![CDATA[ComposeEditTestCase-2]]>
    </line>
    <line>
      <![CDATA[SentmailDeleteTestCase-3]]>
    </line>
  </reporter-output>
  <suite started-at="2023-06-15T02:36:04 IST" name="Default suite" finished-at="2023-06-15T02:36:04 IST" duration-ms="253">
    <groups>
    </groups>
    <test started-at="2023-06-15T02:36:04 IST" name="Default test" finished-at="2023-06-15T02:36:04 IST" duration-ms="253">
      <class name="TestNG.Demo11">
        <test-method signature="loginCreateTestCase1()[pri:0, instance:TestNG.Demo11@49ec71f8]" started-at="2023-06-15T02:36:04 IST" name="loginCreateTestCase1" finished-at="2023-06-15T02:36:04 IST" duration-ms="31" status="PASS">
          <reporter-output>
            <line>
              <![CDATA[LoginCreateTestCase-1]]>
            </line>
          </reporter-output>
        </test-method> <!-- loginCreateTestCase1 -->
        <test-method signature="composeEditTestCase2()[pri:0, instance:TestNG.Demo11@49ec71f8]" started-at="2023-06-15T02:36:04 IST" name="composeEditTestCase2" finished-at="2023-06-15T02:36:04 IST" depends-on-methods="TestNG.Demo11.loginCreateTestCase1" duration-ms="6" status="PASS">
          <reporter-output>
            <line>
              <![CDATA[ComposeEditTestCase-2]]>
            </line>
          </reporter-output>
        </test-method> <!-- composeEditTestCase2 -->
        <test-method signature="sentMailDeleteTestCase3()[pri:0, instance:TestNG.Demo11@49ec71f8]" started-at="2023-06-15T02:36:04 IST" name="sentMailDeleteTestCase3" finished-at="2023-06-15T02:36:04 IST" depends-on-methods="TestNG.Demo11.composeEditTestCase2, TestNG.Demo11.loginCreateTestCase1" duration-ms="6" status="PASS">
          <reporter-output>
            <line>
              <![CDATA[SentmailDeleteTestCase-3]]>
            </line>
          </reporter-output>
        </test-method> <!-- sentMailDeleteTestCase3 -->
      </class> <!-- TestNG.Demo11 -->
    </test> <!-- Default test -->
  </suite> <!-- Default suite -->
</testng-results>
